<?xml version="1.0" encoding="UTF-8"?>
<testsuite name="ru.stqa.pft.addressbook.tests.ModifyContactTest" tests="1" skipped="1" failures="0" errors="0" timestamp="2020-01-18T03:19:31" hostname="DEVT58010" time="0.0">
  <properties/>
  <testcase name="testModifyContact" classname="ru.stqa.pft.addressbook.tests.ModifyContactTest" time="0.0">
    <skipped/>
  </testcase>
  <system-out><![CDATA[22:19:31.694 [Test worker] INFO  r.s.pft.addressbook.tests.TestBase - start test testModifyContactwith parameters []
22:19:31.694 [Test worker] INFO  r.s.pft.addressbook.tests.TestBase - stop test testModifyContactwith parameters []
]]></system-out>
  <system-err><![CDATA[]]></system-err>
</testsuite>
