<?xml version="1.0" encoding="UTF-8"?>
<testsuite name="ru.stqa.pft.addressbook.tests.DeleteGroupTest" tests="1" skipped="1" failures="0" errors="0" timestamp="2020-01-18T03:19:22" hostname="DEVT58010" time="0.0">
  <properties/>
  <testcase name="testDeleteGroup" classname="ru.stqa.pft.addressbook.tests.DeleteGroupTest" time="0.0">
    <skipped/>
  </testcase>
  <system-out><![CDATA[22:19:22.650 [Test worker] INFO  r.s.pft.addressbook.tests.TestBase - start test testDeleteGroupwith parameters []
22:19:22.650 [Test worker] INFO  r.s.pft.addressbook.tests.TestBase - stop test testDeleteGroupwith parameters []
]]></system-out>
  <system-err><![CDATA[]]></system-err>
</testsuite>
