<?xml version="1.0" encoding="UTF-8"?>
<testsuite name="firstPackage.GettingStarted" tests="1" skipped="0" failures="0" errors="0" timestamp="2019-11-20T16:06:49" hostname="DEVT58010" time="9.278">
  <properties/>
  <testcase name="openGooglePage" classname="firstPackage.GettingStarted" time="9.278"/>
  <system-out><![CDATA[]]></system-out>
  <system-err><![CDATA[Starting ChromeDriver 78.0.3904.70 (edb9c9f3de0247fd912a77b7f6cae7447f6d3ad5-refs/branch-heads/3904@{#800}) on port 17176
Only local connections are allowed.
Please protect ports used by ChromeDriver and related test frameworks to prevent access by malicious code.
Nov 20, 2019 11:06:52 AM org.openqa.selenium.remote.ProtocolHandshake createSession
INFO: Detected dialect: W3C
]]></system-err>
</testsuite>
